
start open
2024-03-07 21:10:01 -     INFO - 通知 952522: 下单成功,委托,SHFE.ss2405,13805,1手,买,开仓
2024-03-07 21:10:01 -     INFO - 通知 952522: 成交,SHFE.ss2405,13805,1手,买,开仓
2024-03-07 21:10:01 -     INFO - 通知 952522: 下单成功,委托,SHFE.ss2405,13810,1手,卖,开仓
2024-03-07 21:10:19 -     INFO - 通知 952522: 成交,SHFE.ss2405,13810,1手,卖,开仓
open succeed

18611.30033475
start close
2024-03-07 21:11:35 -     INFO - 通知 952522: 下单成功,委托,SHFE.ss2405,13820,1手,买,平今
2024-03-07 21:11:35 -     INFO - 通知 952522: 下单成功,委托,SHFE.ss2405,13825,1手,卖,平今
2024-03-07 21:11:35 -     INFO - 通知 952522: 成交,SHFE.ss2405,13825,1手,卖,平今
buy close faild
2024-03-07 21:12:37 -     INFO - 通知 952522: 撤单成功,委托,SHFE.ss2405,13820,1手,买,平今
2024-03-07 21:12:37 -     INFO - 通知 952522: 下单成功,委托,SHFE.ss2405,13835,1手,买,平今
2024-03-07 21:12:37 -     INFO - 通知 952522: 成交,SHFE.ss2405,13835,1手,买,平今

18561.290653750002
start open
2024-03-07 21:13:54 -     INFO - 通知 952522: 下单成功,委托,SHFE.ss2405,13840,1手,卖,开仓
2024-03-07 21:13:54 -     INFO - 通知 952522: 下单成功,委托,SHFE.ss2405,13835,1手,买,开仓
2024-03-07 21:13:59 -     INFO - 通知 952522: 成交,SHFE.ss2405,13835,1手,买,开仓
2024-03-07 21:14:21 -     INFO - 通知 952522: 成交,SHFE.ss2405,13840,1手,卖,开仓
open succeed

18582.260967500002
start close
2024-03-07 21:18:38 -     INFO - 通知 952522: 下单成功,委托,SHFE.ss2405,13835,1手,买,平今
2024-03-07 21:18:38 -     INFO - 通知 952522: 下单成功,委托,SHFE.ss2405,13840,1手,卖,平今
2024-03-07 21:18:58 -     INFO - 通知 952522: 成交,SHFE.ss2405,13835,1手,买,平今
2024-03-07 21:19:06 -     INFO - 通知 952522: 成交,SHFE.ss2405,13840,1手,卖,平今
close succeed

18607.251281250003
start open
2024-03-07 21:20:07 -     INFO - 通知 952522: 下单成功,委托,SHFE.ss2405,13840,1手,卖,开仓
2024-03-07 21:20:07 -     INFO - 通知 952522: 成交,SHFE.ss2405,13840,1手,卖,开仓
2024-03-07 21:20:07 -     INFO - 通知 952522: 下单成功,委托,SHFE.ss2405,13835,1手,买,开仓
buy open faild
2024-03-07 21:21:47 -     INFO - 通知 952522: 撤单成功,委托,SHFE.ss2405,13835,1手,买,开仓
2024-03-07 21:21:47 -     INFO - 通知 952522: 下单成功,委托,SHFE.ss2405,13845,1手,买,平今
2024-03-07 21:21:47 -     INFO - 通知 952522: 成交,SHFE.ss2405,13845,1手,买,平今

18580.231591500004
start open
2024-03-07 21:22:22 -     INFO - 通知 952522: 下单成功,委托,SHFE.ss2405,13840,1手,买,开仓
2024-03-07 21:22:22 -     INFO - 通知 952522: 下单成功,委托,SHFE.ss2405,13845,1手,卖,开仓
2024-03-07 21:22:31 -     INFO - 通知 952522: 成交,SHFE.ss2405,13845,1手,卖,开仓
buy open faild
2024-03-07 21:23:59 -     INFO - 通知 952522: 撤单成功,委托,SHFE.ss2405,13840,1手,买,开仓
2024-03-07 21:24:00 -     INFO - 通知 952522: 下单成功,委托,SHFE.ss2405,13850,1手,买,平今
2024-03-07 21:24:00 -     INFO - 通知 952522: 成交,SHFE.ss2405,13850,1手,买,平今

18553.211898250003
start open
2024-03-07 21:27:32 -     INFO - 通知 952522: 下单成功,委托,SHFE.ss2405,13840,1手,买,开仓
2024-03-07 21:27:32 -     INFO - 通知 952522: 下单成功,委托,SHFE.ss2405,13845,1手,卖,开仓
2024-03-07 21:27:32 -     INFO - 通知 952522: 成交,SHFE.ss2405,13845,1手,卖,开仓
2024-03-07 21:29:23 -     INFO - 通知 952522: 成交,SHFE.ss2405,13840,1手,买,开仓
open succeed

18576.197052500018
start close
2024-03-07 21:29:24 -     INFO - 通知 952522: 下单成功,委托,SHFE.ss2405,13835,1手,买,平今
2024-03-07 21:29:24 -     INFO - 通知 952522: 下单成功,委托,SHFE.ss2405,13840,1手,卖,平今
2024-03-07 21:30:00 -     INFO - 通知 952522: 成交,SHFE.ss2405,13840,1手,卖,平今
2024-03-07 21:30:29 -     INFO - 通知 952522: 成交,SHFE.ss2405,13835,1手,买,平今
close succeed

18599.172522250003
start open
2024-03-07 21:30:41 -     INFO - 通知 952522: 下单成功,委托,SHFE.ss2405,13835,1手,买,开仓
2024-03-07 21:30:41 -     INFO - 通知 952522: 下单成功,委托,SHFE.ss2405,13840,1手,卖,开仓
2024-03-07 21:30:51 -     INFO - 通知 952522: 成交,SHFE.ss2405,13835,1手,买,开仓
sell open faild
2024-03-07 21:32:49 -     INFO - 通知 952522: 撤单成功,委托,SHFE.ss2405,13840,1手,卖,开仓
2024-03-07 21:32:49 -     INFO - 通知 952522: 下单成功,委托,SHFE.ss2405,13825,1手,卖,平今
2024-03-07 21:32:49 -     INFO - 通知 952522: 成交,SHFE.ss2405,13825,1手,卖,平今

18547.15284125
start open
2024-03-07 21:33:45 -     INFO - 通知 952522: 下单成功,委托,SHFE.ss2405,13825,1手,买,开仓
2024-03-07 21:33:45 -     INFO - 通知 952522: 下单成功,委托,SHFE.ss2405,13830,1手,卖,开仓
2024-03-07 21:33:57 -     INFO - 通知 952522: 成交,SHFE.ss2405,13830,1手,卖,开仓
2024-03-07 21:34:16 -     INFO - 通知 952522: 成交,SHFE.ss2405,13825,1手,买,开仓
open succeed

18545.138000750016
start close
2024-03-07 21:34:17 -     INFO - 通知 952522: 下单成功,委托,SHFE.ss2405,13820,1手,买,平今
2024-03-07 21:34:17 -     INFO - 通知 952522: 下单成功,委托,SHFE.ss2405,13825,1手,卖,平今
2024-03-07 21:35:16 -     INFO - 通知 952522: 成交,SHFE.ss2405,13820,1手,买,平今
sell close faild
2024-03-07 21:35:59 -     INFO - 通知 952522: 撤单成功,委托,SHFE.ss2405,13825,1手,卖,平今
2024-03-07 21:35:59 -     INFO - 通知 952522: 下单成功,委托,SHFE.ss2405,13815,1手,卖,平今
2024-03-07 21:35:59 -     INFO - 通知 952522: 成交,SHFE.ss2405,13815,1手,卖,平今

18543.11348975
start open
2024-03-07 21:36:07 -     INFO - 通知 952522: 下单成功,委托,SHFE.ss2405,13820,1手,买,开仓
2024-03-07 21:36:07 -     INFO - 通知 952522: 下单成功,委托,SHFE.ss2405,13825,1手,卖,开仓
2024-03-07 21:36:08 -     INFO - 通知 952522: 成交,SHFE.ss2405,13820,1手,买,开仓
sell open faild
2024-03-07 21:37:57 -     INFO - 通知 952522: 撤单成功,委托,SHFE.ss2405,13825,1手,卖,开仓
2024-03-07 21:37:57 -     INFO - 通知 952522: 下单成功,委托,SHFE.ss2405,13815,1手,卖,平今
2024-03-07 21:37:57 -     INFO - 通知 952522: 成交,SHFE.ss2405,13815,1手,卖,平今

18516.0938175
start open
2024-03-07 21:38:02 -     INFO - 通知 952522: 下单成功,委托,SHFE.ss2405,13815,1手,买,开仓
2024-03-07 21:38:02 -     INFO - 通知 952522: 成交,SHFE.ss2405,13815,1手,买,开仓
2024-03-07 21:38:02 -     INFO - 通知 952522: 下单成功,委托,SHFE.ss2405,13820,1手,卖,开仓
sell open faild
2024-03-07 21:39:45 -     INFO - 通知 952522: 撤单成功,委托,SHFE.ss2405,13820,1手,卖,开仓
2024-03-07 21:39:45 -     INFO - 通知 952522: 下单成功,委托,SHFE.ss2405,13810,1手,卖,平今
2024-03-07 21:39:45 -     INFO - 通知 952522: 成交,SHFE.ss2405,13810,1手,卖,平今

18489.07414875
start open
2024-03-07 21:39:48 -     INFO - 通知 952522: 下单成功,委托,SHFE.ss2405,13810,1手,买,开仓
2024-03-07 21:39:48 -     INFO - 通知 952522: 下单成功,委托,SHFE.ss2405,13815,1手,卖,开仓
2024-03-07 21:39:48 -     INFO - 通知 952522: 成交,SHFE.ss2405,13815,1手,卖,开仓
buy open faild
2024-03-07 21:41:35 -     INFO - 通知 952522: 撤单成功,委托,SHFE.ss2405,13810,1手,买,开仓
2024-03-07 21:41:35 -     INFO - 通知 952522: 下单成功,委托,SHFE.ss2405,13820,1手,买,平今
2024-03-07 21:41:35 -     INFO - 通知 952522: 成交,SHFE.ss2405,13820,1手,买,平今